--------------------------------------------------------------------------------
Release 14.7 Trace  (nt64)
Copyright (c) 1995-2013 Xilinx, Inc.  All rights reserved.

C:\Xilinx\14.7\ISE_DS\ISE\bin\nt64\unwrapped\trce.exe -intstyle ise -v 3 -s 3
-n 3 -fastpaths -xml top_level.twx top_level.ncd -o top_level.twr top_level.pcf
-ucf Nexys3_master.ucf

Design file:              top_level.ncd
Physical constraint file: top_level.pcf
Device,package,speed:     xc6slx16,csg324,C,-3 (PRODUCTION 1.23 2013-10-13)
Report level:             verbose report

Environment Variable      Effect 
--------------------      ------ 
NONE                      No environment variables were set
--------------------------------------------------------------------------------

INFO:Timing:2698 - No timing constraints found, doing default enumeration.
INFO:Timing:3412 - To improve timing, see the Timing Closure User Guide (UG612).
INFO:Timing:2752 - To get complete path coverage, use the unconstrained paths 
   option. All paths that are not constrained will be reported in the 
   unconstrained paths section(s) of the report.
INFO:Timing:3339 - The clock-to-out numbers in this timing report are based on 
   a 50 Ohm transmission line loading model.  For the details of this model, 
   and for more information on accounting for different loading conditions, 
   please see the device datasheet.



Data Sheet report:
-----------------
All values displayed in nanoseconds (ns)

Setup/Hold to clock kb_clk
------------+------------+------------+------------+------------+------------------+--------+
            |Max Setup to|  Process   |Max Hold to |  Process   |                  | Clock  |
Source      | clk (edge) |   Corner   | clk (edge) |   Corner   |Internal Clock(s) | Phase  |
------------+------------+------------+------------+------------+------------------+--------+
kb_data     |    4.308(F)|      SLOW  |   -1.484(F)|      FAST  |kb_clk_BUFGP      |   0.000|
------------+------------+------------+------------+------------+------------------+--------+

Clock Clk to Pad
------------+-----------------+------------+-----------------+------------+------------------+--------+
            |Max (slowest) clk|  Process   |Min (fastest) clk|  Process   |                  | Clock  |
Destination |  (edge) to PAD  |   Corner   |  (edge) to PAD  |   Corner   |Internal Clock(s) | Phase  |
------------+-----------------+------------+-----------------+------------+------------------+--------+
HS          |         7.302(R)|      SLOW  |         4.480(R)|      FAST  |pixel_clk         |   0.000|
VS          |         5.767(R)|      SLOW  |         3.565(R)|      FAST  |pixel_clk         |   0.000|
rgb<0>      |        38.385(R)|      SLOW  |         6.251(R)|      FAST  |pixel_clk         |   0.000|
rgb<1>      |        38.463(R)|      SLOW  |         6.525(R)|      FAST  |pixel_clk         |   0.000|
rgb<2>      |        40.030(R)|      SLOW  |         6.511(R)|      FAST  |pixel_clk         |   0.000|
rgb<3>      |        33.283(R)|      SLOW  |         6.564(R)|      FAST  |pixel_clk         |   0.000|
rgb<4>      |        38.621(R)|      SLOW  |         6.409(R)|      FAST  |pixel_clk         |   0.000|
rgb<5>      |        39.692(R)|      SLOW  |         6.350(R)|      FAST  |pixel_clk         |   0.000|
rgb<6>      |        40.017(R)|      SLOW  |         6.562(R)|      FAST  |pixel_clk         |   0.000|
rgb<7>      |        39.849(R)|      SLOW  |         6.431(R)|      FAST  |pixel_clk         |   0.000|
------------+-----------------+------------+-----------------+------------+------------------+--------+

Clock to Setup on destination clock Clk
---------------+---------+---------+---------+---------+
               | Src:Rise| Src:Fall| Src:Rise| Src:Fall|
Source Clock   |Dest:Rise|Dest:Rise|Dest:Fall|Dest:Fall|
---------------+---------+---------+---------+---------+
Clk            |    6.557|         |         |         |
---------------+---------+---------+---------+---------+

Clock to Setup on destination clock kb_clk
---------------+---------+---------+---------+---------+
               | Src:Rise| Src:Fall| Src:Rise| Src:Fall|
Source Clock   |Dest:Rise|Dest:Rise|Dest:Fall|Dest:Fall|
---------------+---------+---------+---------+---------+
kb_clk         |         |         |         |    3.708|
---------------+---------+---------+---------+---------+


Analysis completed Tue May 15 16:17:36 2018 
--------------------------------------------------------------------------------

Trace Settings:
-------------------------
Trace Settings 

Peak Memory Usage: 276 MB



